Determining if the pthread_create exist failed with the following output:
Change Dir: /home/artpark/ros_ws/turtlebot3_ws/build/turtlebot3_gazebo/CMakeFiles/CMakeTmp

Run Build Command:"/usr/bin/make" "cmTC_851da/fast"
/usr/bin/make -f CMakeFiles/cmTC_851da.dir/build.make CMakeFiles/cmTC_851da.dir/build
make[1]: Entering directory '/home/artpark/ros_ws/turtlebot3_ws/build/turtlebot3_gazebo/CMakeFiles/CMakeTmp'
Building C object CMakeFiles/cmTC_851da.dir/CheckSymbolExists.c.o
/usr/bin/cc    -o CMakeFiles/cmTC_851da.dir/CheckSymbolExists.c.o   -c /home/artpark/ros_ws/turtlebot3_ws/build/turtlebot3_gazebo/CMakeFiles/CMakeTmp/CheckSymbolExists.c
Linking C executable cmTC_851da
/usr/bin/cmake -E cmake_link_script CMakeFiles/cmTC_851da.dir/link.txt --verbose=1
/usr/bin/cc      -rdynamic CMakeFiles/cmTC_851da.dir/CheckSymbolExists.c.o  -o cmTC_851da 
CMakeFiles/cmTC_851da.dir/CheckSymbolExists.c.o: In function `main':
CheckSymbolExists.c:(.text+0x1b): undefined reference to `pthread_create'
collect2: error: ld returned 1 exit status
CMakeFiles/cmTC_851da.dir/build.make:97: recipe for target 'cmTC_851da' failed
make[1]: *** [cmTC_851da] Error 1
make[1]: Leaving directory '/home/artpark/ros_ws/turtlebot3_ws/build/turtlebot3_gazebo/CMakeFiles/CMakeTmp'
Makefile:126: recipe for target 'cmTC_851da/fast' failed
make: *** [cmTC_851da/fast] Error 2

File /home/artpark/ros_ws/turtlebot3_ws/build/turtlebot3_gazebo/CMakeFiles/CMakeTmp/CheckSymbolExists.c:
/* */
#include <pthread.h>

int main(int argc, char** argv)
{
  (void)argv;
#ifndef pthread_create
  return ((int*)(&pthread_create))[argc];
#else
  (void)argc;
  return 0;
#endif
}

Determining if the function pthread_create exists in the pthreads failed with the following output:
Change Dir: /home/artpark/ros_ws/turtlebot3_ws/build/turtlebot3_gazebo/CMakeFiles/CMakeTmp

Run Build Command:"/usr/bin/make" "cmTC_256e9/fast"
/usr/bin/make -f CMakeFiles/cmTC_256e9.dir/build.make CMakeFiles/cmTC_256e9.dir/build
make[1]: Entering directory '/home/artpark/ros_ws/turtlebot3_ws/build/turtlebot3_gazebo/CMakeFiles/CMakeTmp'
Building C object CMakeFiles/cmTC_256e9.dir/CheckFunctionExists.c.o
/usr/bin/cc   -DCHECK_FUNCTION_EXISTS=pthread_create   -o CMakeFiles/cmTC_256e9.dir/CheckFunctionExists.c.o   -c /usr/share/cmake-3.10/Modules/CheckFunctionExists.c
Linking C executable cmTC_256e9
/usr/bin/cmake -E cmake_link_script CMakeFiles/cmTC_256e9.dir/link.txt --verbose=1
/usr/bin/cc  -DCHECK_FUNCTION_EXISTS=pthread_create    -rdynamic CMakeFiles/cmTC_256e9.dir/CheckFunctionExists.c.o  -o cmTC_256e9 -lpthreads 
/usr/bin/ld: cannot find -lpthreads
collect2: error: ld returned 1 exit status
CMakeFiles/cmTC_256e9.dir/build.make:97: recipe for target 'cmTC_256e9' failed
make[1]: *** [cmTC_256e9] Error 1
make[1]: Leaving directory '/home/artpark/ros_ws/turtlebot3_ws/build/turtlebot3_gazebo/CMakeFiles/CMakeTmp'
Makefile:126: recipe for target 'cmTC_256e9/fast' failed
make: *** [cmTC_256e9/fast] Error 2


